Build started 2021-10-02 8:38:02 PM.
     1>Project "C:\Users\Ghassan\Documents\GitHub\C++ Helicopter Modeling Simulation\Code\Vertices.vcxproj" on node 2 (Build target(s)).
     1>ClCompile:
         C:\Program Files (x86)\Microsoft Visual Studio 12.0\VC\bin\CL.exe /c /I..\..\..\common /ZI /nologo /W3 /WX- /Od /Oy- /D WIN32 /D _DEBUG /D _WINDOWS /D _MBCS /Gm /EHsc /MTd /GS /fp:precise /Zc:wchar_t /Zc:forScope /Fo"Debug\\" /Fd"Debug\vc120.pdb" /Gd /TP /analyze- /errorReport:prompt Clock.cpp Environment.cpp Helicopter.cpp Object.cpp draw_3D_graphics.cpp
         draw_3D_graphics.cpp
         Helicopter.cpp
         Generating Code...
     1>c:\users\ghassan\documents\github\c++ helicopter modeling simulation\code\draw_3d_graphics.cpp(512): warning C4715: 'World::pickup2' : not all control paths return a value
     1>c:\users\ghassan\documents\github\c++ helicopter modeling simulation\code\draw_3d_graphics.cpp(481): warning C4700: uninitialized local variable 'i' used
     1>c:\users\ghassan\documents\github\c++ helicopter modeling simulation\code\draw_3d_graphics.cpp(428): warning C4700: uninitialized local variable 'i' used
         Skipping... (no relevant changes detected)
         Object.cpp
         Environment.cpp
         Clock.cpp
       Link:
         C:\Program Files (x86)\Microsoft Visual Studio 12.0\VC\bin\link.exe /ERRORREPORT:PROMPT /OUT:"Debug\Vertices.exe" /INCREMENTAL /NOLOGO kernel32.lib user32.lib gdi32.lib winspool.lib comdlg32.lib advapi32.lib shell32.lib ole32.lib oleaut32.lib uuid.lib odbc32.lib odbccp32.lib /NODEFAULTLIB:libci.lib /MANIFEST /MANIFESTUAC:"level='asInvoker' uiAccess='false'" /manifest:embed /DEBUG /PDB:"Debug\Vertices.pdb" /SUBSYSTEM:WINDOWS /TLBID:1 /DYNAMICBASE /NXCOMPAT /IMPLIB:"Debug\Vertices.lib" /MACHINE:X86 /SAFESEH:NO /MACHINE:I386 /IGNORE:4089 Debug\Clock.obj
         Debug\draw_3D_graphics.obj
         Debug\Environment.obj
         Debug\functions.obj
         Debug\Helicopter.obj
         Debug\Object.obj
         Debug\ran.obj
         Debug\rotation.obj
         Debug\timer.obj
         Vertices.lib
         Vertices.vcxproj -> C:\Users\Ghassan\Documents\GitHub\C++ Helicopter Modeling Simulation\Code\Debug\Vertices.exe
     1>Done Building Project "C:\Users\Ghassan\Documents\GitHub\C++ Helicopter Modeling Simulation\Code\Vertices.vcxproj" (Build target(s)).

Build succeeded.

Time Elapsed 00:00:04.28
